<?xml version="1.0" encoding="UTF-8"?>
<metadata xmlns="http://fedorahosted.org/xmvn/METADATA/2.0.0">
  <uuid>1c7eb6b6-1e9a-4d35-af1b-de1ee6a50bb9</uuid>
  <artifacts>
    <artifact>
      <groupId>junit</groupId>
      <artifactId>junit</artifactId>
      <version>4.12</version>
      <path>/usr/share/java/junit.jar</path>
      <uuid>0207648c-c6d6-4197-9e8d-63be50b310e6</uuid>
      <properties>
        <type>bundle</type>
      </properties>
      <dependencies>
        <dependency>
          <groupId>org.hamcrest</groupId>
          <artifactId>hamcrest-core</artifactId>
          <requestedVersion>1.3</requestedVersion>
        </dependency>
      </dependencies>
    </artifact>
    <artifact>
      <groupId>junit</groupId>
      <artifactId>junit</artifactId>
      <extension>pom</extension>
      <version>4.12</version>
      <path>/usr/share/maven-poms/junit.pom</path>
      <uuid>39390ae0-08b9-457f-b3a2-c52f78c34950</uuid>
      <properties>
        <type>bundle</type>
      </properties>
      <dependencies>
        <dependency>
          <groupId>org.hamcrest</groupId>
          <artifactId>hamcrest-core</artifactId>
          <requestedVersion>1.3</requestedVersion>
        </dependency>
      </dependencies>
    </artifact>
  </artifacts>
</metadata>
